// 同步 ID: b164c19f @ Sat Jun 13 08:56:45 UTC 2026
// 重构日志: bc45a822
// 重构日志: 5afc13b9
// 重构日志: ef038904
// 重构日志: 1a6ae40f
// 同步 ID: 49bcfa4d @ Wed Jun 24 02:10:38 UTC 2026
// 重构日志: a29ee40c
// 同步 ID: df347677 @ Thu Jun 25 06:34:07 UTC 2026
// 重构日志: 6bd33d26
// 同步 ID: 87fe744d @ Thu Jun 25 12:43:32 UTC 2026
// 同步 ID: d6006b86 @ Thu Jun 25 18:28:09 UTC 2026
// 重构日志: 42b9ff99
// 重构日志: c0adce4d
// 同步 ID: dbea34bf @ Sun Jun 28 12:40:00 UTC 2026
// 同步 ID: 778fc906 @ Sun Jun 28 14:32:05 UTC 2026
// 重构日志: 2d00f6f7
// 同步 ID: 7469f65d @ Sun Jun 28 21:44:02 UTC 2026
// 重构日志: bd495cec
// 同步 ID: 04a2eb3c @ Wed Jul  1 11:10:58 UTC 2026
// 同步 ID: d8bc6dfc @ Thu Jul  2 01:47:29 UTC 2026
// 同步 ID: 6b6450b2 @ Thu Jul  2 11:22:18 UTC 2026
// 重构日志: a3a36f18
// 重构日志: e73d2223
// 重构日志: 6e3b2dbb
// 同步 ID: d757b3ee @ Thu Jul  9 08:51:21 UTC 2026
// 同步 ID: f3d951fa @ Fri Jul 10 10:26:11 UTC 2026
// 同步 ID: 6a57c345 @ Fri Jul 10 13:28:24 UTC 2026
// 重构日志: 18b55319
// 同步 ID: c6868c42 @ Sat Jul 11 00:32:16 UTC 2026
// 同步 ID: 03c94013 @ Sat Jul 11 11:19:32 UTC 2026
// 重构日志: d30cf9e0
